0 info it worked if it ends with ok
1 verbose cli [ '/usr/local/bin/node',
1 verbose cli   '/usr/local/bin/npm',
1 verbose cli   'install',
1 verbose cli   '-g',
1 verbose cli   'bower' ]
2 info using npm@3.7.3
3 info using node@v5.8.0
4 silly loadCurrentTree Starting
5 silly install loadCurrentTree
6 silly install readGlobalPackageData
7 silly fetchPackageMetaData bower
8 silly fetchNamedPackageData bower
9 silly mapToRegistry name bower
10 silly mapToRegistry using default registry
11 silly mapToRegistry registry https://registry.npmjs.org/
12 silly mapToRegistry uri https://registry.npmjs.org/bower
13 verbose request uri https://registry.npmjs.org/bower
14 verbose request no auth needed
15 info attempt registry request try #1 at 13:36:04
16 verbose request id b79c8a481086cf0b
17 verbose etag "DZFJE0XFKS57MHQSFTG1KCAD8"
18 http request GET https://registry.npmjs.org/bower
19 http 200 https://registry.npmjs.org/bower
20 verbose headers { server: 'CouchDB/1.5.0 (Erlang OTP/R16B03)',
20 verbose headers   etag: '"CFBAST7CHJ9HJ6ILJVYWX6WRI"',
20 verbose headers   'content-type': 'application/json',
20 verbose headers   'content-encoding': 'gzip',
20 verbose headers   'cache-control': 'max-age=300',
20 verbose headers   'content-length': '21015',
20 verbose headers   'accept-ranges': 'bytes',
20 verbose headers   date: 'Wed, 09 Nov 2016 12:32:20 GMT',
20 verbose headers   via: '1.1 varnish',
20 verbose headers   age: '0',
20 verbose headers   connection: 'keep-alive',
20 verbose headers   'x-served-by': 'cache-cdg8720-CDG',
20 verbose headers   'x-cache': 'HIT',
20 verbose headers   'x-cache-hits': '1',
20 verbose headers   'x-timer': 'S1478694740.269002,VS0,VE700',
20 verbose headers   vary: 'Accept-Encoding' }
21 silly get cb [ 200,
21 silly get   { server: 'CouchDB/1.5.0 (Erlang OTP/R16B03)',
21 silly get     etag: '"CFBAST7CHJ9HJ6ILJVYWX6WRI"',
21 silly get     'content-type': 'application/json',
21 silly get     'content-encoding': 'gzip',
21 silly get     'cache-control': 'max-age=300',
21 silly get     'content-length': '21015',
21 silly get     'accept-ranges': 'bytes',
21 silly get     date: 'Wed, 09 Nov 2016 12:32:20 GMT',
21 silly get     via: '1.1 varnish',
21 silly get     age: '0',
21 silly get     connection: 'keep-alive',
21 silly get     'x-served-by': 'cache-cdg8720-CDG',
21 silly get     'x-cache': 'HIT',
21 silly get     'x-cache-hits': '1',
21 silly get     'x-timer': 'S1478694740.269002,VS0,VE700',
21 silly get     vary: 'Accept-Encoding' } ]
22 verbose get saving bower to /Users/Thibert/.npm/registry.npmjs.org/bower/.cache.json
23 verbose correctMkdir /Users/Thibert/.npm correctMkdir not in flight; initializing
24 silly install normalizeTree
25 silly loadCurrentTree Finishing
26 silly loadIdealTree Starting
27 silly install loadIdealTree
28 silly cloneCurrentTree Starting
29 silly install cloneCurrentTreeToIdealTree
30 silly cloneCurrentTree Finishing
31 silly loadShrinkwrap Starting
32 silly install loadShrinkwrap
33 silly loadShrinkwrap Finishing
34 silly loadAllDepsIntoIdealTree Starting
35 silly install loadAllDepsIntoIdealTree
36 silly resolveWithNewModule bower@1.8.0 checking installable status
37 silly cache add args [ 'bower', null ]
38 verbose cache add spec bower
39 silly cache add parsed spec Result {
39 silly cache add   raw: 'bower',
39 silly cache add   scope: null,
39 silly cache add   name: 'bower',
39 silly cache add   rawSpec: '',
39 silly cache add   spec: 'latest',
39 silly cache add   type: 'tag' }
40 silly addNamed bower@latest
41 verbose addNamed "latest" is being treated as a dist-tag for bower
42 info addNameTag [ 'bower', 'latest' ]
43 silly mapToRegistry name bower
44 silly mapToRegistry using default registry
45 silly mapToRegistry registry https://registry.npmjs.org/
46 silly mapToRegistry uri https://registry.npmjs.org/bower
47 verbose addNameTag registry:https://registry.npmjs.org/bower not in flight; fetching
48 verbose get https://registry.npmjs.org/bower not expired, no request
49 silly addNameTag next cb for bower with tag latest
50 silly addNamed bower@1.8.0
51 verbose addNamed "1.8.0" is a plain semver version for bower
52 silly mapToRegistry name bower
53 silly mapToRegistry using default registry
54 silly mapToRegistry registry https://registry.npmjs.org/
55 silly mapToRegistry uri https://registry.npmjs.org/bower
56 verbose addRemoteTarball https://registry.npmjs.org/bower/-/bower-1.8.0.tgz not in flight; adding
57 verbose addRemoteTarball [ 'https://registry.npmjs.org/bower/-/bower-1.8.0.tgz',
57 verbose addRemoteTarball   '55dbebef0ad9155382d9e9d3e497c1372345b44a' ]
58 info retry fetch attempt 1 at 13:36:06
59 info attempt registry request try #1 at 13:36:06
60 http fetch GET https://registry.npmjs.org/bower/-/bower-1.8.0.tgz
61 http fetch 200 https://registry.npmjs.org/bower/-/bower-1.8.0.tgz
62 silly fetchAndShaCheck shasum 55dbebef0ad9155382d9e9d3e497c1372345b44a
63 verbose addTmpTarball /var/folders/c4/syzgdz0d5l7dh_5d2_t__4lr0000gn/T/npm-23680-d71cf1cd/registry.npmjs.org/bower/-/bower-1.8.0.tgz not in flight; adding
64 verbose addTmpTarball already have metadata; skipping unpack for bower@1.8.0
65 verbose correctMkdir /Users/Thibert/.npm correctMkdir not in flight; initializing
66 silly cache afterAdd bower@1.8.0
67 verbose afterAdd /Users/Thibert/.npm/bower/1.8.0/package/package.json not in flight; writing
68 verbose correctMkdir /Users/Thibert/.npm correctMkdir not in flight; initializing
69 verbose afterAdd /Users/Thibert/.npm/bower/1.8.0/package/package.json written
70 silly loadAllDepsIntoIdealTree Finishing
71 silly idealTree:prePrune lib
71 silly idealTree:prePrune └── bower@1.8.0
72 silly loadIdealTree Finishing
73 silly currentTree lib
73 silly currentTree └── bower@1.7.7
74 silly idealTree lib
74 silly idealTree └── bower@1.8.0
75 silly generateActionsToTake Starting
76 silly install generateActionsToTake
77 warn checkPermissions Missing write access to /usr/local/lib/node_modules/bower
78 warn checkPermissions Missing write access to /usr/local/lib/node_modules
79 silly rollbackFailedOptional Starting
80 silly rollbackFailedOptional Finishing
81 silly runTopLevelLifecycles Starting
82 silly runTopLevelLifecycles Finishing
83 silly install printInstalled
84 verbose stack Error: EACCES: permission denied, access '/usr/local/lib/node_modules/bower'
84 verbose stack     at Error (native)
85 verbose cwd /Users/Thibert/WorkSpace/University/L3/Web/ProjetWeb/Projet
86 error Darwin 16.0.0
87 error argv "/usr/local/bin/node" "/usr/local/bin/npm" "install" "-g" "bower"
88 error node v5.8.0
89 error npm  v3.7.3
90 error path /usr/local/lib/node_modules/bower
91 error code EACCES
92 error errno -13
93 error syscall access
94 error Error: EACCES: permission denied, access '/usr/local/lib/node_modules/bower'
94 error     at Error (native)
94 error  { [Error: EACCES: permission denied, access '/usr/local/lib/node_modules/bower']
94 error   errno: -13,
94 error   code: 'EACCES',
94 error   syscall: 'access',
94 error   path: '/usr/local/lib/node_modules/bower' }
95 error Please try running this command again as root/Administrator.
96 verbose exit [ -13, true ]
